<?xml version="1.0" encoding="utf-8"?><testsuites name="pytest tests"><testsuite name="pytest" errors="0" failures="0" skipped="0" tests="9" time="2.145" timestamp="2026-04-24T05:23:48.443715+00:00" hostname="agent-env-99cfaefc-74a4-49ec-9cba-8241fb35cb12"><testcase classname="backend.tests.test_shein_api" name="test_root_health" time="0.220" /><testcase classname="backend.tests.test_shein_api" name="test_seed_idempotent" time="0.050" /><testcase classname="backend.tests.test_shein_api" name="test_list_months" time="0.046" /><testcase classname="backend.tests.test_shein_api" name="test_create_month_invalid" time="0.047" /><testcase classname="backend.tests.test_shein_api" name="test_create_and_get_month_flow" time="0.235" /><testcase classname="backend.tests.test_shein_api" name="test_order_crud_and_note_calculations" time="0.817" /><testcase classname="backend.tests.test_shein_api" name="test_cascade_delete_month" time="0.275" /><testcase classname="backend.tests.test_shein_api" name="test_global_summary" time="0.050" /><testcase classname="backend.tests.test_shein_api" name="test_404_cases" time="0.265" /></testsuite></testsuites>